00:00:00.007865 VirtualBox NAT Network 4.1.34 r4124216768 win.amd64 (Jul 26 2022 16:16:15) release log
00:00:00.007867 Log opened 2024-12-11T01:17:10.913865000Z
00:00:00.007868 Build Type: release
00:00:00.007870 OS Product: Windows 11
00:00:00.007871 OS Release: 10.0.22631
00:00:00.007871 OS Service Pack: 
00:00:00.024984 DMI Product Name: Precision 5540
00:00:00.028040 DMI Product Version: 
00:00:00.028049 Firmware type: UEFI
00:00:00.028796 Secure Boot: Disabled
00:00:00.028802 Host RAM: 32463MB (31.7GB) total, 16528MB (16.1GB) available
00:00:00.028806 Executable: C:\Program Files\ldplayer9box\VBoxNetNAT.exe
00:00:00.028807 Process ID: 35404
00:00:00.028807 Package type: WINDOWS_64BITS_GENERIC (OSE)
00:00:00.088866 SUP: seg #0: R   0x00000000 LB 0x00001000
00:00:00.088886 SUP: seg #1: R X 0x00001000 LB 0x00109000
00:00:00.088891 SUP: seg #2: R   0x0010a000 LB 0x0004a000
00:00:00.088895 SUP: seg #3: RW  0x00154000 LB 0x00013000
00:00:00.088900 SUP: seg #4: R   0x00167000 LB 0x0000e000
00:00:00.088904 SUP: seg #5: RW  0x00175000 LB 0x00003000
00:00:00.088909 SUP: seg #6: R   0x00178000 LB 0x0000b000
00:00:00.088915 SUP: seg #7: RWX 0x00183000 LB 0x00002000
00:00:00.088920 SUP: seg #8: R   0x00185000 LB 0x00007000
00:00:00.089417 SUP: Loaded Ld9VMMR0.r0 (C:\Program Files\ldplayer9box\Ld9VMMR0.r0) at 0xXXXXXXXXXXXXXXXX - ModuleInit at XXXXXXXXXXXXXXXX and ModuleTerm at XXXXXXXXXXXXXXXX using the native ring-0 loader
00:00:00.089429 SUP: VMMR0EntryEx located at XXXXXXXXXXXXXXXX and VMMR0EntryFast at XXXXXXXXXXXXXXXX
00:00:00.089433 SUP: windbg> .reload /f C:\Program Files\ldplayer9box\Ld9VMMR0.r0=0xXXXXXXXXXXXXXXXX
00:00:00.091934 netif NT0: mac 52:54:00:12:35:00
00:00:00.091948 netif NT0: inet 172.16.1.1 netmask 255.255.255.0
00:00:00.091956 netif NT0: inet6 fe80::5054:ff:fe12:3500
00:00:00.091965 netif NT0: inet6 fd17:625c:f037:1001::1
