00:00:00.143559 VirtualBox DHCP Server 4.1.34 r731010744 win.amd64 (Jul 26 2022 16:16:05) release log
00:00:00.143561 Log opened 2024-12-11T01:17:11.000824100Z
00:00:00.143561 Build Type: release
00:00:00.143565 OS Product: Windows 11
00:00:00.143566 OS Release: 10.0.22631
00:00:00.143566 OS Service Pack: 
00:00:00.165554 DMI Product Name: Precision 5540
00:00:00.179603 DMI Product Version: 
00:00:00.179613 Firmware type: UEFI
00:00:00.180409 Secure Boot: Disabled
00:00:00.180414 Host RAM: 32463MB (31.7GB) total, 16519MB (16.1GB) available
00:00:00.180419 Executable: C:\Program Files\ldplayer9box\VBoxNetDHCP.exe
00:00:00.180419 Process ID: 31364
00:00:00.180420 Package type: WINDOWS_64BITS_GENERIC (OSE)
00:00:00.180528 --config:  LdNatNetwork1
00:00:00.180543 --comment: LdNatNetwork1
00:00:00.184217 IP address:   172.16.1.3/24
00:00:00.184229 Address pool: 172.16.1.4 - 172.16.1.254
00:00:00.184265 MAC address is not specified: will use generated MAC 08:00:27:81:2e:a3
00:00:00.184275 Db::i_enterFixedAddressAssignment: 08:00:27:81:2e:a3: 172.16.1.3
00:00:00.184283 loading leases from C:\Users\kido_nguyen\.Ld9VirtualBox\LdNatNetwork1-Dhcpd.leases
00:00:00.184787 Runtime error opening 'C:\Users\kido_nguyen\.Ld9VirtualBox\LdNatNetwork1-Dhcpd.leases' for reading: -102 (File not found.)
00:00:11.518544 DISCOVER xid 0xe8da0704 chaddr 00:db:fd:c7:ab:d4
00:00:11.518584  ciaddr 0.0.0.0
00:00:11.518596  client id: 01 00 db fd c7 ab d4
00:00:11.518603  params { 1 3 6 15 26 28 51 58 59 43 }
00:00:11.518652   57: 05 dc
00:00:11.518658   60: 'android-dhcp-9'
00:00:11.518672 > allocateAddress to client [01:00:db:fd:c7:ab:d4] (00:db:fd:c7:ab:d4)
00:00:11.518685 > .... creating new binding
00:00:11.518690 > .... allocated 172.16.1.4 free
00:00:11.518697 Lease time 600 secs (default)
00:00:11.518706 >>> requested option 1 (SubnetMask)
00:00:11.518712 ... always supplied
00:00:11.518717 >>> requested option 3 (Routers)
00:00:11.518722 ... found in GlobalConfig (type global)
00:00:11.518728 >>> requested option 6 (DNSes)
00:00:11.518733 ... found in GlobalConfig (type global)
00:00:11.518738 >>> requested option 15 (DomainName)
00:00:11.518743 ... found in GlobalConfig (type global)
00:00:11.518748 >>> requested option 26 (InterfaceMTU)
00:00:11.518753 ... not found
00:00:11.518758 >>> requested option 28 (BroadcastAddress)
00:00:11.518763 ... not found
00:00:11.518767 >>> requested option 51 (LeaseTime)
00:00:11.518772 ... not found
00:00:11.518777 >>> requested option 58 (RenewalTime)
00:00:11.518781 ... not found
00:00:11.518785 >>> requested option 59 (RebindingTime)
00:00:11.518790 ... not found
00:00:11.518795 >>> requested option 43 (VendorSpecificInfo)
00:00:11.518800 ... not found
00:00:11.518809 encoding option 1 (SubnetMask)
00:00:11.518815 encoding option 3 (Routers)
00:00:11.518820 encoding option 6 (DNSes)
00:00:11.518824 encoding option 15 (DomainName)
00:00:11.518830 encoding option 51 (LeaseTime)
00:00:11.518836 OFFER xid 0xe8da0704 chaddr 00:db:fd:c7:ab:d4
00:00:11.518853  ciaddr 0.0.0.0 yiaddr 172.16.1.4
00:00:11.518866 encoded message: 548 bytes
00:00:11.518867 0000000003412e20/0000: 02 01 06 00 04 07 da e8-00 00 00 00 00 00 00 00 ................
00:00:11.518874 0000000003412e30/0010: ac 10 01 04 00 00 00 00-00 00 00 00 00 db fd c7 ................
00:00:11.518876 0000000003412e40/0020: ab d4 00 00 00 00 00 00-00 00 00 00 00 00 00 00 ................
00:00:11.518879 0000000003412e50/0030: 00 00 00 00 00 00 00 00-00 00 00 00 00 00 00 00 ................
00:00:11.518881 0000000003412e60/0040: 00 00 00 00 00 00 00 00-00 00 00 00 00 00 00 00 ................
00:00:11.518883 0000000003412e70/0050: 00 00 00 00 00 00 00 00-00 00 00 00 00 00 00 00 ................
00:00:11.518885 0000000003412e80/0060: 00 00 00 00 00 00 00 00-00 00 00 00 00 00 00 00 ................
00:00:11.518887 0000000003412e90/0070: 00 00 00 00 00 00 00 00-00 00 00 00 00 00 00 00 ................
00:00:11.518889 0000000003412ea0/0080: 00 00 00 00 00 00 00 00-00 00 00 00 00 00 00 00 ................
00:00:11.518891 0000000003412eb0/0090: 00 00 00 00 00 00 00 00-00 00 00 00 00 00 00 00 ................
00:00:11.518893 0000000003412ec0/00a0: 00 00 00 00 00 00 00 00-00 00 00 00 00 00 00 00 ................
00:00:11.518895 0000000003412ed0/00b0: 00 00 00 00 00 00 00 00-00 00 00 00 00 00 00 00 ................
00:00:11.518897 0000000003412ee0/00c0: 00 00 00 00 00 00 00 00-00 00 00 00 00 00 00 00 ................
00:00:11.518899 0000000003412ef0/00d0: 00 00 00 00 00 00 00 00-00 00 00 00 00 00 00 00 ................
00:00:11.518901 0000000003412f00/00e0: 00 00 00 00 00 00 00 00-00 00 00 00 63 82 53 63 ............c.Sc
00:00:11.518903 0000000003412f10/00f0: 36 04 ac 10 01 03 35 01-02 01 04 ff ff ff 00 03 6.....5.........
00:00:11.518905 0000000003412f20/0100: 04 ac 10 01 01 06 04 ac-14 0a 01 0f 0d 76 6e 2e .............vn.
00:00:11.518907 0000000003412f30/0110: 63 6f 6d 70 61 6c 2e 63-6f 6d 33 04 00 00 02 58 compal.com3....X
00:00:11.518909 0000000003412f40/0120: ff 00 00 00 00 00 00 00-00 00 00 00 00 00 00 00 ................
00:00:11.518911 0000000003412f50/0130: 00 00 00 00 00 00 00 00-00 00 00 00 00 00 00 00 ................
00:00:11.518913 0000000003412f60/0140: 00 00 00 00 00 00 00 00-00 00 00 00 00 00 00 00 ................
00:00:11.518915 0000000003412f70/0150: 00 00 00 00 00 00 00 00-00 00 00 00 00 00 00 00 ................
00:00:11.518917 0000000003412f80/0160: 00 00 00 00 00 00 00 00-00 00 00 00 00 00 00 00 ................
00:00:11.518919 0000000003412f90/0170: 00 00 00 00 00 00 00 00-00 00 00 00 00 00 00 00 ................
00:00:11.518921 0000000003412fa0/0180: 00 00 00 00 00 00 00 00-00 00 00 00 00 00 00 00 ................
00:00:11.518923 0000000003412fb0/0190: 00 00 00 00 00 00 00 00-00 00 00 00 00 00 00 00 ................
00:00:11.518925 0000000003412fc0/01a0: 00 00 00 00 00 00 00 00-00 00 00 00 00 00 00 00 ................
00:00:11.518927 0000000003412fd0/01b0: 00 00 00 00 00 00 00 00-00 00 00 00 00 00 00 00 ................
00:00:11.518929 0000000003412fe0/01c0: 00 00 00 00 00 00 00 00-00 00 00 00 00 00 00 00 ................
00:00:11.518932 0000000003412ff0/01d0: 00 00 00 00 00 00 00 00-00 00 00 00 00 00 00 00 ................
00:00:11.518934 0000000003413000/01e0: 00 00 00 00 00 00 00 00-00 00 00 00 00 00 00 00 ................
00:00:11.518936 0000000003413010/01f0: 00 00 00 00 00 00 00 00-00 00 00 00 00 00 00 00 ................
00:00:11.518938 0000000003413020/0200: 00 00 00 00 00 00 00 00-00 00 00 00 00 00 00 00 ................
00:00:11.518940 0000000003413030/0210: 00 00 00 00 00 00 00 00-00 00 00 00 00 00 00 00 ................
00:00:11.518942 0000000003413040/0220: 00 00 00 00                                     ....
00:00:11.523913 REQUEST xid 0xe8da0704 chaddr 00:db:fd:c7:ab:d4
00:00:11.523943  ciaddr 0.0.0.0
00:00:11.523952  for server 172.16.1.3 client id: 01 00 db fd c7 ab d4
00:00:11.523964  requested address 172.16.1.4
00:00:11.523974  params { 1 3 6 15 26 28 51 58 59 43 }
00:00:11.524032   54: ac 10 01 03
00:00:11.524037   57: 05 dc
00:00:11.524041   60: 'android-dhcp-9'
00:00:11.524049 > allocateAddress 172.16.1.4 to client [01:00:db:fd:c7:ab:d4] (00:db:fd:c7:ab:d4)
00:00:11.524057 > ... found existing binding 172.16.1.4 to [01:00:db:fd:c7:ab:d4] (00:db:fd:c7:ab:d4), offered, valid from 2024-12-11T01:17:22Z for 600s until 2024-12-11T01:27:22Z
00:00:11.524081 Lease time 600 secs (default)
00:00:11.524086 writing leases to C:\Users\kido_nguyen\.Ld9VirtualBox\LdNatNetwork1-Dhcpd.leases
00:00:11.538848 >>> requested option 1 (SubnetMask)
00:00:11.538867 ... always supplied
00:00:11.538871 >>> requested option 3 (Routers)
00:00:11.538876 ... found in GlobalConfig (type global)
00:00:11.538881 >>> requested option 6 (DNSes)
00:00:11.538885 ... found in GlobalConfig (type global)
00:00:11.538889 >>> requested option 15 (DomainName)
00:00:11.538894 ... found in GlobalConfig (type global)
00:00:11.538899 >>> requested option 26 (InterfaceMTU)
00:00:11.538903 ... not found
00:00:11.538907 >>> requested option 28 (BroadcastAddress)
00:00:11.538911 ... not found
00:00:11.538921 >>> requested option 51 (LeaseTime)
00:00:11.538927 ... not found
00:00:11.538931 >>> requested option 58 (RenewalTime)
00:00:11.538937 ... not found
00:00:11.538941 >>> requested option 59 (RebindingTime)
00:00:11.538945 ... not found
00:00:11.538949 >>> requested option 43 (VendorSpecificInfo)
00:00:11.538953 ... not found
00:00:11.538962 encoding option 1 (SubnetMask)
00:00:11.538966 encoding option 3 (Routers)
00:00:11.538971 encoding option 6 (DNSes)
00:00:11.538975 encoding option 15 (DomainName)
00:00:11.538981 encoding option 51 (LeaseTime)
00:00:11.538988 ACK xid 0xe8da0704 chaddr 00:db:fd:c7:ab:d4
00:00:11.539002  ciaddr 0.0.0.0 yiaddr 172.16.1.4
00:00:11.539014 encoded message: 548 bytes
00:00:11.539015 0000000003413630/0000: 02 01 06 00 04 07 da e8-00 00 00 00 00 00 00 00 ................
00:00:11.539018 0000000003413640/0010: ac 10 01 04 00 00 00 00-00 00 00 00 00 db fd c7 ................
00:00:11.539020 0000000003413650/0020: ab d4 00 00 00 00 00 00-00 00 00 00 00 00 00 00 ................
00:00:11.539042 0000000003413660/0030: 00 00 00 00 00 00 00 00-00 00 00 00 00 00 00 00 ................
00:00:11.539043 0000000003413670/0040: 00 00 00 00 00 00 00 00-00 00 00 00 00 00 00 00 ................
00:00:11.539045 0000000003413680/0050: 00 00 00 00 00 00 00 00-00 00 00 00 00 00 00 00 ................
00:00:11.539047 0000000003413690/0060: 00 00 00 00 00 00 00 00-00 00 00 00 00 00 00 00 ................
00:00:11.539049 00000000034136a0/0070: 00 00 00 00 00 00 00 00-00 00 00 00 00 00 00 00 ................
00:00:11.539051 00000000034136b0/0080: 00 00 00 00 00 00 00 00-00 00 00 00 00 00 00 00 ................
00:00:11.539053 00000000034136c0/0090: 00 00 00 00 00 00 00 00-00 00 00 00 00 00 00 00 ................
00:00:11.539055 00000000034136d0/00a0: 00 00 00 00 00 00 00 00-00 00 00 00 00 00 00 00 ................
00:00:11.539057 00000000034136e0/00b0: 00 00 00 00 00 00 00 00-00 00 00 00 00 00 00 00 ................
00:00:11.539059 00000000034136f0/00c0: 00 00 00 00 00 00 00 00-00 00 00 00 00 00 00 00 ................
00:00:11.539061 0000000003413700/00d0: 00 00 00 00 00 00 00 00-00 00 00 00 00 00 00 00 ................
00:00:11.539063 0000000003413710/00e0: 00 00 00 00 00 00 00 00-00 00 00 00 63 82 53 63 ............c.Sc
00:00:11.539065 0000000003413720/00f0: 36 04 ac 10 01 03 35 01-05 01 04 ff ff ff 00 03 6.....5.........
00:00:11.539067 0000000003413730/0100: 04 ac 10 01 01 06 04 ac-14 0a 01 0f 0d 76 6e 2e .............vn.
00:00:11.539069 0000000003413740/0110: 63 6f 6d 70 61 6c 2e 63-6f 6d 33 04 00 00 02 58 compal.com3....X
00:00:11.539072 0000000003413750/0120: ff 00 00 00 00 00 00 00-00 00 00 00 00 00 00 00 ................
00:00:11.539073 0000000003413760/0130: 00 00 00 00 00 00 00 00-00 00 00 00 00 00 00 00 ................
00:00:11.539075 0000000003413770/0140: 00 00 00 00 00 00 00 00-00 00 00 00 00 00 00 00 ................
00:00:11.539078 0000000003413780/0150: 00 00 00 00 00 00 00 00-00 00 00 00 00 00 00 00 ................
00:00:11.539079 0000000003413790/0160: 00 00 00 00 00 00 00 00-00 00 00 00 00 00 00 00 ................
00:00:11.539081 00000000034137a0/0170: 00 00 00 00 00 00 00 00-00 00 00 00 00 00 00 00 ................
00:00:11.539083 00000000034137b0/0180: 00 00 00 00 00 00 00 00-00 00 00 00 00 00 00 00 ................
00:00:11.539084 00000000034137c0/0190: 00 00 00 00 00 00 00 00-00 00 00 00 00 00 00 00 ................
00:00:11.539086 00000000034137d0/01a0: 00 00 00 00 00 00 00 00-00 00 00 00 00 00 00 00 ................
00:00:11.539088 00000000034137e0/01b0: 00 00 00 00 00 00 00 00-00 00 00 00 00 00 00 00 ................
00:00:11.539090 00000000034137f0/01c0: 00 00 00 00 00 00 00 00-00 00 00 00 00 00 00 00 ................
00:00:11.539091 0000000003413800/01d0: 00 00 00 00 00 00 00 00-00 00 00 00 00 00 00 00 ................
00:00:11.539093 0000000003413810/01e0: 00 00 00 00 00 00 00 00-00 00 00 00 00 00 00 00 ................
00:00:11.539095 0000000003413820/01f0: 00 00 00 00 00 00 00 00-00 00 00 00 00 00 00 00 ................
00:00:11.539097 0000000003413830/0200: 00 00 00 00 00 00 00 00-00 00 00 00 00 00 00 00 ................
00:00:11.539099 0000000003413840/0210: 00 00 00 00 00 00 00 00-00 00 00 00 00 00 00 00 ................
00:00:11.539101 0000000003413850/0220: 00 00 00 00                                     ....
00:05:11.553769 REQUEST xid 0xb73c5cb5 chaddr 00:db:fd:c7:ab:d4
00:05:11.553797  ciaddr 172.16.1.4
00:05:11.553805  client id: 01 00 db fd c7 ab d4
00:05:11.553810  params { 1 3 6 15 26 28 51 58 59 43 }
00:05:11.553842   57: 05 dc
00:05:11.553845   60: 'android-dhcp-9'
00:05:11.553851 > allocateAddress to client [01:00:db:fd:c7:ab:d4] (00:db:fd:c7:ab:d4)
00:05:11.553857 > ... found existing binding 172.16.1.4 to [01:00:db:fd:c7:ab:d4] (00:db:fd:c7:ab:d4), acked, valid from 2024-12-11T01:17:22Z for 600s until 2024-12-11T01:27:22Z
00:05:11.553866 Lease time 600 secs (default)
00:05:11.553870 writing leases to C:\Users\kido_nguyen\.Ld9VirtualBox\LdNatNetwork1-Dhcpd.leases
00:05:11.563581 >>> requested option 1 (SubnetMask)
00:05:11.563594 ... always supplied
00:05:11.563598 >>> requested option 3 (Routers)
00:05:11.563601 ... found in GlobalConfig (type global)
00:05:11.563605 >>> requested option 6 (DNSes)
00:05:11.563608 ... found in GlobalConfig (type global)
00:05:11.563611 >>> requested option 15 (DomainName)
00:05:11.563614 ... found in GlobalConfig (type global)
00:05:11.563617 >>> requested option 26 (InterfaceMTU)
00:05:11.563620 ... not found
00:05:11.563623 >>> requested option 28 (BroadcastAddress)
00:05:11.563626 ... not found
00:05:11.563629 >>> requested option 51 (LeaseTime)
00:05:11.563632 ... not found
00:05:11.563634 >>> requested option 58 (RenewalTime)
00:05:11.563638 ... not found
00:05:11.563640 >>> requested option 59 (RebindingTime)
00:05:11.563643 ... not found
00:05:11.563646 >>> requested option 43 (VendorSpecificInfo)
00:05:11.563649 ... not found
00:05:11.563656 encoding option 1 (SubnetMask)
00:05:11.563659 encoding option 3 (Routers)
00:05:11.563662 encoding option 6 (DNSes)
00:05:11.563665 encoding option 15 (DomainName)
00:05:11.563669 encoding option 51 (LeaseTime)
00:05:11.563673 ACK xid 0xb73c5cb5 chaddr 00:db:fd:c7:ab:d4
00:05:11.563683  ciaddr 172.16.1.4 yiaddr 172.16.1.4
00:05:11.563693 encoded message: 548 bytes
00:05:11.563694 000000000182db10/0000: 02 01 06 00 b5 5c 3c b7-00 00 00 00 ac 10 01 04 .....\<.........
00:05:11.563696 000000000182db20/0010: ac 10 01 04 00 00 00 00-00 00 00 00 00 db fd c7 ................
00:05:11.563697 000000000182db30/0020: ab d4 00 00 00 00 00 00-00 00 00 00 00 00 00 00 ................
00:05:11.563699 000000000182db40/0030: 00 00 00 00 00 00 00 00-00 00 00 00 00 00 00 00 ................
00:05:11.563700 000000000182db50/0040: 00 00 00 00 00 00 00 00-00 00 00 00 00 00 00 00 ................
00:05:11.563701 000000000182db60/0050: 00 00 00 00 00 00 00 00-00 00 00 00 00 00 00 00 ................
00:05:11.563702 000000000182db70/0060: 00 00 00 00 00 00 00 00-00 00 00 00 00 00 00 00 ................
00:05:11.563704 000000000182db80/0070: 00 00 00 00 00 00 00 00-00 00 00 00 00 00 00 00 ................
00:05:11.563705 000000000182db90/0080: 00 00 00 00 00 00 00 00-00 00 00 00 00 00 00 00 ................
00:05:11.563706 000000000182dba0/0090: 00 00 00 00 00 00 00 00-00 00 00 00 00 00 00 00 ................
00:05:11.563707 000000000182dbb0/00a0: 00 00 00 00 00 00 00 00-00 00 00 00 00 00 00 00 ................
00:05:11.563708 000000000182dbc0/00b0: 00 00 00 00 00 00 00 00-00 00 00 00 00 00 00 00 ................
00:05:11.563710 000000000182dbd0/00c0: 00 00 00 00 00 00 00 00-00 00 00 00 00 00 00 00 ................
00:05:11.563711 000000000182dbe0/00d0: 00 00 00 00 00 00 00 00-00 00 00 00 00 00 00 00 ................
00:05:11.563712 000000000182dbf0/00e0: 00 00 00 00 00 00 00 00-00 00 00 00 63 82 53 63 ............c.Sc
00:05:11.563713 000000000182dc00/00f0: 36 04 ac 10 01 03 35 01-05 01 04 ff ff ff 00 03 6.....5.........
00:05:11.563715 000000000182dc10/0100: 04 ac 10 01 01 06 04 ac-14 0a 01 0f 0d 76 6e 2e .............vn.
00:05:11.563716 000000000182dc20/0110: 63 6f 6d 70 61 6c 2e 63-6f 6d 33 04 00 00 02 58 compal.com3....X
00:05:11.563717 000000000182dc30/0120: ff 00 00 00 00 00 00 00-00 00 00 00 00 00 00 00 ................
00:05:11.563719 000000000182dc40/0130: 00 00 00 00 00 00 00 00-00 00 00 00 00 00 00 00 ................
00:05:11.563720 000000000182dc50/0140: 00 00 00 00 00 00 00 00-00 00 00 00 00 00 00 00 ................
00:05:11.563721 000000000182dc60/0150: 00 00 00 00 00 00 00 00-00 00 00 00 00 00 00 00 ................
00:05:11.563723 000000000182dc70/0160: 00 00 00 00 00 00 00 00-00 00 00 00 00 00 00 00 ................
00:05:11.563724 000000000182dc80/0170: 00 00 00 00 00 00 00 00-00 00 00 00 00 00 00 00 ................
00:05:11.563725 000000000182dc90/0180: 00 00 00 00 00 00 00 00-00 00 00 00 00 00 00 00 ................
00:05:11.563726 000000000182dca0/0190: 00 00 00 00 00 00 00 00-00 00 00 00 00 00 00 00 ................
00:05:11.563727 000000000182dcb0/01a0: 00 00 00 00 00 00 00 00-00 00 00 00 00 00 00 00 ................
00:05:11.563729 000000000182dcc0/01b0: 00 00 00 00 00 00 00 00-00 00 00 00 00 00 00 00 ................
00:05:11.563730 000000000182dcd0/01c0: 00 00 00 00 00 00 00 00-00 00 00 00 00 00 00 00 ................
00:05:11.563731 000000000182dce0/01d0: 00 00 00 00 00 00 00 00-00 00 00 00 00 00 00 00 ................
00:05:11.563732 000000000182dcf0/01e0: 00 00 00 00 00 00 00 00-00 00 00 00 00 00 00 00 ................
00:05:11.563734 000000000182dd00/01f0: 00 00 00 00 00 00 00 00-00 00 00 00 00 00 00 00 ................
00:05:11.563735 000000000182dd10/0200: 00 00 00 00 00 00 00 00-00 00 00 00 00 00 00 00 ................
00:05:11.563736 000000000182dd20/0210: 00 00 00 00 00 00 00 00-00 00 00 00 00 00 00 00 ................
00:05:11.563737 000000000182dd30/0220: 00 00 00 00                                     ....
00:10:11.572755 REQUEST xid 0xd1c48c61 chaddr 00:db:fd:c7:ab:d4
00:10:11.572786  ciaddr 172.16.1.4
00:10:11.572795  client id: 01 00 db fd c7 ab d4
00:10:11.572801  params { 1 3 6 15 26 28 51 58 59 43 }
00:10:11.572841   57: 05 dc
00:10:11.572845   60: 'android-dhcp-9'
00:10:11.572852 > allocateAddress to client [01:00:db:fd:c7:ab:d4] (00:db:fd:c7:ab:d4)
00:10:11.572859 > ... found existing binding 172.16.1.4 to [01:00:db:fd:c7:ab:d4] (00:db:fd:c7:ab:d4), acked, valid from 2024-12-11T01:22:22Z for 600s until 2024-12-11T01:32:22Z
00:10:11.572870 Lease time 600 secs (default)
00:10:11.572875 writing leases to C:\Users\kido_nguyen\.Ld9VirtualBox\LdNatNetwork1-Dhcpd.leases
00:10:11.581715 >>> requested option 1 (SubnetMask)
00:10:11.581730 ... always supplied
00:10:11.581734 >>> requested option 3 (Routers)
00:10:11.581739 ... found in GlobalConfig (type global)
00:10:11.581744 >>> requested option 6 (DNSes)
00:10:11.581747 ... found in GlobalConfig (type global)
00:10:11.581751 >>> requested option 15 (DomainName)
00:10:11.581755 ... found in GlobalConfig (type global)
00:10:11.581760 >>> requested option 26 (InterfaceMTU)
00:10:11.581766 ... not found
00:10:11.581769 >>> requested option 28 (BroadcastAddress)
00:10:11.581773 ... not found
00:10:11.581777 >>> requested option 51 (LeaseTime)
00:10:11.581780 ... not found
00:10:11.581783 >>> requested option 58 (RenewalTime)
00:10:11.581787 ... not found
00:10:11.581790 >>> requested option 59 (RebindingTime)
00:10:11.581795 ... not found
00:10:11.581798 >>> requested option 43 (VendorSpecificInfo)
00:10:11.581802 ... not found
00:10:11.581811 encoding option 1 (SubnetMask)
00:10:11.581817 encoding option 3 (Routers)
00:10:11.581821 encoding option 6 (DNSes)
00:10:11.581825 encoding option 15 (DomainName)
00:10:11.581829 encoding option 51 (LeaseTime)
00:10:11.581834 ACK xid 0xd1c48c61 chaddr 00:db:fd:c7:ab:d4
00:10:11.581847  ciaddr 172.16.1.4 yiaddr 172.16.1.4
00:10:11.581859 encoded message: 548 bytes
00:10:11.581860 000000000182db10/0000: 02 01 06 00 61 8c c4 d1-00 00 00 00 ac 10 01 04 ....a...........
00:10:11.581862 000000000182db20/0010: ac 10 01 04 00 00 00 00-00 00 00 00 00 db fd c7 ................
00:10:11.581864 000000000182db30/0020: ab d4 00 00 00 00 00 00-00 00 00 00 00 00 00 00 ................
00:10:11.581866 000000000182db40/0030: 00 00 00 00 00 00 00 00-00 00 00 00 00 00 00 00 ................
00:10:11.581868 000000000182db50/0040: 00 00 00 00 00 00 00 00-00 00 00 00 00 00 00 00 ................
00:10:11.581869 000000000182db60/0050: 00 00 00 00 00 00 00 00-00 00 00 00 00 00 00 00 ................
00:10:11.581871 000000000182db70/0060: 00 00 00 00 00 00 00 00-00 00 00 00 00 00 00 00 ................
00:10:11.581872 000000000182db80/0070: 00 00 00 00 00 00 00 00-00 00 00 00 00 00 00 00 ................
00:10:11.581874 000000000182db90/0080: 00 00 00 00 00 00 00 00-00 00 00 00 00 00 00 00 ................
00:10:11.581875 000000000182dba0/0090: 00 00 00 00 00 00 00 00-00 00 00 00 00 00 00 00 ................
00:10:11.581877 000000000182dbb0/00a0: 00 00 00 00 00 00 00 00-00 00 00 00 00 00 00 00 ................
00:10:11.581878 000000000182dbc0/00b0: 00 00 00 00 00 00 00 00-00 00 00 00 00 00 00 00 ................
00:10:11.581881 000000000182dbd0/00c0: 00 00 00 00 00 00 00 00-00 00 00 00 00 00 00 00 ................
00:10:11.581883 000000000182dbe0/00d0: 00 00 00 00 00 00 00 00-00 00 00 00 00 00 00 00 ................
00:10:11.581885 000000000182dbf0/00e0: 00 00 00 00 00 00 00 00-00 00 00 00 63 82 53 63 ............c.Sc
00:10:11.581887 000000000182dc00/00f0: 36 04 ac 10 01 03 35 01-05 01 04 ff ff ff 00 03 6.....5.........
00:10:11.581889 000000000182dc10/0100: 04 ac 10 01 01 06 04 ac-14 0a 01 0f 0d 76 6e 2e .............vn.
00:10:11.581890 000000000182dc20/0110: 63 6f 6d 70 61 6c 2e 63-6f 6d 33 04 00 00 02 58 compal.com3....X
00:10:11.581892 000000000182dc30/0120: ff 00 00 00 00 00 00 00-00 00 00 00 00 00 00 00 ................
00:10:11.581893 000000000182dc40/0130: 00 00 00 00 00 00 00 00-00 00 00 00 00 00 00 00 ................
00:10:11.581895 000000000182dc50/0140: 00 00 00 00 00 00 00 00-00 00 00 00 00 00 00 00 ................
00:10:11.581897 000000000182dc60/0150: 00 00 00 00 00 00 00 00-00 00 00 00 00 00 00 00 ................
00:10:11.581898 000000000182dc70/0160: 00 00 00 00 00 00 00 00-00 00 00 00 00 00 00 00 ................
00:10:11.581900 000000000182dc80/0170: 00 00 00 00 00 00 00 00-00 00 00 00 00 00 00 00 ................
00:10:11.581901 000000000182dc90/0180: 00 00 00 00 00 00 00 00-00 00 00 00 00 00 00 00 ................
00:10:11.581903 000000000182dca0/0190: 00 00 00 00 00 00 00 00-00 00 00 00 00 00 00 00 ................
00:10:11.581904 000000000182dcb0/01a0: 00 00 00 00 00 00 00 00-00 00 00 00 00 00 00 00 ................
00:10:11.581906 000000000182dcc0/01b0: 00 00 00 00 00 00 00 00-00 00 00 00 00 00 00 00 ................
00:10:11.581907 000000000182dcd0/01c0: 00 00 00 00 00 00 00 00-00 00 00 00 00 00 00 00 ................
00:10:11.581909 000000000182dce0/01d0: 00 00 00 00 00 00 00 00-00 00 00 00 00 00 00 00 ................
00:10:11.581910 000000000182dcf0/01e0: 00 00 00 00 00 00 00 00-00 00 00 00 00 00 00 00 ................
00:10:11.581912 000000000182dd00/01f0: 00 00 00 00 00 00 00 00-00 00 00 00 00 00 00 00 ................
00:10:11.581913 000000000182dd10/0200: 00 00 00 00 00 00 00 00-00 00 00 00 00 00 00 00 ................
00:10:11.581915 000000000182dd20/0210: 00 00 00 00 00 00 00 00-00 00 00 00 00 00 00 00 ................
00:10:11.581916 000000000182dd30/0220: 00 00 00 00                                     ....
00:15:11.601058 REQUEST xid 0x17bfa546 chaddr 00:db:fd:c7:ab:d4
00:15:11.601086  ciaddr 172.16.1.4
00:15:11.601094  client id: 01 00 db fd c7 ab d4
00:15:11.601098  params { 1 3 6 15 26 28 51 58 59 43 }
00:15:11.601130   57: 05 dc
00:15:11.601133   60: 'android-dhcp-9'
00:15:11.601138 > allocateAddress to client [01:00:db:fd:c7:ab:d4] (00:db:fd:c7:ab:d4)
00:15:11.601144 > ... found existing binding 172.16.1.4 to [01:00:db:fd:c7:ab:d4] (00:db:fd:c7:ab:d4), acked, valid from 2024-12-11T01:27:22Z for 600s until 2024-12-11T01:37:22Z
00:15:11.601154 Lease time 600 secs (default)
00:15:11.601160 writing leases to C:\Users\kido_nguyen\.Ld9VirtualBox\LdNatNetwork1-Dhcpd.leases
00:15:11.608774 >>> requested option 1 (SubnetMask)
00:15:11.608785 ... always supplied
00:15:11.608788 >>> requested option 3 (Routers)
00:15:11.608792 ... found in GlobalConfig (type global)
00:15:11.608795 >>> requested option 6 (DNSes)
00:15:11.608798 ... found in GlobalConfig (type global)
00:15:11.608801 >>> requested option 15 (DomainName)
00:15:11.608804 ... found in GlobalConfig (type global)
00:15:11.608807 >>> requested option 26 (InterfaceMTU)
00:15:11.608811 ... not found
00:15:11.608813 >>> requested option 28 (BroadcastAddress)
00:15:11.608816 ... not found
00:15:11.608819 >>> requested option 51 (LeaseTime)
00:15:11.608822 ... not found
00:15:11.608825 >>> requested option 58 (RenewalTime)
00:15:11.608827 ... not found
00:15:11.608830 >>> requested option 59 (RebindingTime)
00:15:11.608833 ... not found
00:15:11.608836 >>> requested option 43 (VendorSpecificInfo)
00:15:11.608839 ... not found
00:15:11.608845 encoding option 1 (SubnetMask)
00:15:11.608848 encoding option 3 (Routers)
00:15:11.608851 encoding option 6 (DNSes)
00:15:11.608854 encoding option 15 (DomainName)
00:15:11.608857 encoding option 51 (LeaseTime)
00:15:11.608861 ACK xid 0x17bfa546 chaddr 00:db:fd:c7:ab:d4
00:15:11.608871  ciaddr 172.16.1.4 yiaddr 172.16.1.4
00:15:11.608881 encoded message: 548 bytes
00:15:11.608882 000000000182d9a0/0000: 02 01 06 00 46 a5 bf 17-00 00 00 00 ac 10 01 04 ....F...........
00:15:11.608884 000000000182d9b0/0010: ac 10 01 04 00 00 00 00-00 00 00 00 00 db fd c7 ................
00:15:11.608885 000000000182d9c0/0020: ab d4 00 00 00 00 00 00-00 00 00 00 00 00 00 00 ................
00:15:11.608887 000000000182d9d0/0030: 00 00 00 00 00 00 00 00-00 00 00 00 00 00 00 00 ................
00:15:11.608888 000000000182d9e0/0040: 00 00 00 00 00 00 00 00-00 00 00 00 00 00 00 00 ................
00:15:11.608889 000000000182d9f0/0050: 00 00 00 00 00 00 00 00-00 00 00 00 00 00 00 00 ................
00:15:11.608890 000000000182da00/0060: 00 00 00 00 00 00 00 00-00 00 00 00 00 00 00 00 ................
00:15:11.608892 000000000182da10/0070: 00 00 00 00 00 00 00 00-00 00 00 00 00 00 00 00 ................
00:15:11.608893 000000000182da20/0080: 00 00 00 00 00 00 00 00-00 00 00 00 00 00 00 00 ................
00:15:11.608894 000000000182da30/0090: 00 00 00 00 00 00 00 00-00 00 00 00 00 00 00 00 ................
00:15:11.608895 000000000182da40/00a0: 00 00 00 00 00 00 00 00-00 00 00 00 00 00 00 00 ................
00:15:11.608896 000000000182da50/00b0: 00 00 00 00 00 00 00 00-00 00 00 00 00 00 00 00 ................
00:15:11.608898 000000000182da60/00c0: 00 00 00 00 00 00 00 00-00 00 00 00 00 00 00 00 ................
00:15:11.608899 000000000182da70/00d0: 00 00 00 00 00 00 00 00-00 00 00 00 00 00 00 00 ................
00:15:11.608900 000000000182da80/00e0: 00 00 00 00 00 00 00 00-00 00 00 00 63 82 53 63 ............c.Sc
00:15:11.608901 000000000182da90/00f0: 36 04 ac 10 01 03 35 01-05 01 04 ff ff ff 00 03 6.....5.........
00:15:11.608902 000000000182daa0/0100: 04 ac 10 01 01 06 04 ac-14 0a 01 0f 0d 76 6e 2e .............vn.
00:15:11.608904 000000000182dab0/0110: 63 6f 6d 70 61 6c 2e 63-6f 6d 33 04 00 00 02 58 compal.com3....X
00:15:11.608905 000000000182dac0/0120: ff 00 00 00 00 00 00 00-00 00 00 00 00 00 00 00 ................
00:15:11.608906 000000000182dad0/0130: 00 00 00 00 00 00 00 00-00 00 00 00 00 00 00 00 ................
00:15:11.608908 000000000182dae0/0140: 00 00 00 00 00 00 00 00-00 00 00 00 00 00 00 00 ................
00:15:11.608909 000000000182daf0/0150: 00 00 00 00 00 00 00 00-00 00 00 00 00 00 00 00 ................
00:15:11.608910 000000000182db00/0160: 00 00 00 00 00 00 00 00-00 00 00 00 00 00 00 00 ................
00:15:11.608911 000000000182db10/0170: 00 00 00 00 00 00 00 00-00 00 00 00 00 00 00 00 ................
00:15:11.608913 000000000182db20/0180: 00 00 00 00 00 00 00 00-00 00 00 00 00 00 00 00 ................
00:15:11.608914 000000000182db30/0190: 00 00 00 00 00 00 00 00-00 00 00 00 00 00 00 00 ................
00:15:11.608915 000000000182db40/01a0: 00 00 00 00 00 00 00 00-00 00 00 00 00 00 00 00 ................
00:15:11.608916 000000000182db50/01b0: 00 00 00 00 00 00 00 00-00 00 00 00 00 00 00 00 ................
00:15:11.608917 000000000182db60/01c0: 00 00 00 00 00 00 00 00-00 00 00 00 00 00 00 00 ................
00:15:11.608919 000000000182db70/01d0: 00 00 00 00 00 00 00 00-00 00 00 00 00 00 00 00 ................
00:15:11.608920 000000000182db80/01e0: 00 00 00 00 00 00 00 00-00 00 00 00 00 00 00 00 ................
00:15:11.608921 000000000182db90/01f0: 00 00 00 00 00 00 00 00-00 00 00 00 00 00 00 00 ................
00:15:11.608922 000000000182dba0/0200: 00 00 00 00 00 00 00 00-00 00 00 00 00 00 00 00 ................
00:15:11.608923 000000000182dbb0/0210: 00 00 00 00 00 00 00 00-00 00 00 00 00 00 00 00 ................
00:15:11.608925 000000000182dbc0/0220: 00 00 00 00                                     ....
00:20:11.618003 REQUEST xid 0x48a8d533 chaddr 00:db:fd:c7:ab:d4
00:20:11.618031  ciaddr 172.16.1.4
00:20:11.618038  client id: 01 00 db fd c7 ab d4
00:20:11.618042  params { 1 3 6 15 26 28 51 58 59 43 }
00:20:11.618075   57: 05 dc
00:20:11.618078   60: 'android-dhcp-9'
00:20:11.618083 > allocateAddress to client [01:00:db:fd:c7:ab:d4] (00:db:fd:c7:ab:d4)
00:20:11.618089 > ... found existing binding 172.16.1.4 to [01:00:db:fd:c7:ab:d4] (00:db:fd:c7:ab:d4), acked, valid from 2024-12-11T01:32:22Z for 600s until 2024-12-11T01:42:22Z
00:20:11.618098 Lease time 600 secs (default)
00:20:11.618102 writing leases to C:\Users\kido_nguyen\.Ld9VirtualBox\LdNatNetwork1-Dhcpd.leases
00:20:11.630068 >>> requested option 1 (SubnetMask)
00:20:11.630086 ... always supplied
00:20:11.630091 >>> requested option 3 (Routers)
00:20:11.630096 ... found in GlobalConfig (type global)
00:20:11.630101 >>> requested option 6 (DNSes)
00:20:11.630106 ... found in GlobalConfig (type global)
00:20:11.630110 >>> requested option 15 (DomainName)
00:20:11.630114 ... found in GlobalConfig (type global)
00:20:11.630119 >>> requested option 26 (InterfaceMTU)
00:20:11.630124 ... not found
00:20:11.630128 >>> requested option 28 (BroadcastAddress)
00:20:11.630132 ... not found
00:20:11.630136 >>> requested option 51 (LeaseTime)
00:20:11.630139 ... not found
00:20:11.630143 >>> requested option 58 (RenewalTime)
00:20:11.630147 ... not found
00:20:11.630151 >>> requested option 59 (RebindingTime)
00:20:11.630155 ... not found
00:20:11.630160 >>> requested option 43 (VendorSpecificInfo)
00:20:11.630164 ... not found
00:20:11.630174 encoding option 1 (SubnetMask)
00:20:11.630179 encoding option 3 (Routers)
00:20:11.630184 encoding option 6 (DNSes)
00:20:11.630188 encoding option 15 (DomainName)
00:20:11.630193 encoding option 51 (LeaseTime)
00:20:11.630199 ACK xid 0x48a8d533 chaddr 00:db:fd:c7:ab:d4
00:20:11.630212  ciaddr 172.16.1.4 yiaddr 172.16.1.4
00:20:11.630224 encoded message: 548 bytes
00:20:11.630225 000000000182d9a0/0000: 02 01 06 00 33 d5 a8 48-00 00 00 00 ac 10 01 04 ....3..H........
00:20:11.630228 000000000182d9b0/0010: ac 10 01 04 00 00 00 00-00 00 00 00 00 db fd c7 ................
00:20:11.630230 000000000182d9c0/0020: ab d4 00 00 00 00 00 00-00 00 00 00 00 00 00 00 ................
00:20:11.630232 000000000182d9d0/0030: 00 00 00 00 00 00 00 00-00 00 00 00 00 00 00 00 ................
00:20:11.630234 000000000182d9e0/0040: 00 00 00 00 00 00 00 00-00 00 00 00 00 00 00 00 ................
00:20:11.630236 000000000182d9f0/0050: 00 00 00 00 00 00 00 00-00 00 00 00 00 00 00 00 ................
00:20:11.630237 000000000182da00/0060: 00 00 00 00 00 00 00 00-00 00 00 00 00 00 00 00 ................
00:20:11.630239 000000000182da10/0070: 00 00 00 00 00 00 00 00-00 00 00 00 00 00 00 00 ................
00:20:11.630241 000000000182da20/0080: 00 00 00 00 00 00 00 00-00 00 00 00 00 00 00 00 ................
00:20:11.630243 000000000182da30/0090: 00 00 00 00 00 00 00 00-00 00 00 00 00 00 00 00 ................
00:20:11.630244 000000000182da40/00a0: 00 00 00 00 00 00 00 00-00 00 00 00 00 00 00 00 ................
00:20:11.630246 000000000182da50/00b0: 00 00 00 00 00 00 00 00-00 00 00 00 00 00 00 00 ................
00:20:11.630248 000000000182da60/00c0: 00 00 00 00 00 00 00 00-00 00 00 00 00 00 00 00 ................
00:20:11.630249 000000000182da70/00d0: 00 00 00 00 00 00 00 00-00 00 00 00 00 00 00 00 ................
00:20:11.630251 000000000182da80/00e0: 00 00 00 00 00 00 00 00-00 00 00 00 63 82 53 63 ............c.Sc
00:20:11.630253 000000000182da90/00f0: 36 04 ac 10 01 03 35 01-05 01 04 ff ff ff 00 03 6.....5.........
00:20:11.630255 000000000182daa0/0100: 04 ac 10 01 01 06 04 ac-14 0a 01 0f 0d 76 6e 2e .............vn.
00:20:11.630256 000000000182dab0/0110: 63 6f 6d 70 61 6c 2e 63-6f 6d 33 04 00 00 02 58 compal.com3....X
00:20:11.630258 000000000182dac0/0120: ff 00 00 00 00 00 00 00-00 00 00 00 00 00 00 00 ................
00:20:11.630260 000000000182dad0/0130: 00 00 00 00 00 00 00 00-00 00 00 00 00 00 00 00 ................
00:20:11.630262 000000000182dae0/0140: 00 00 00 00 00 00 00 00-00 00 00 00 00 00 00 00 ................
00:20:11.630264 000000000182daf0/0150: 00 00 00 00 00 00 00 00-00 00 00 00 00 00 00 00 ................
00:20:11.630266 000000000182db00/0160: 00 00 00 00 00 00 00 00-00 00 00 00 00 00 00 00 ................
00:20:11.630267 000000000182db10/0170: 00 00 00 00 00 00 00 00-00 00 00 00 00 00 00 00 ................
00:20:11.630269 000000000182db20/0180: 00 00 00 00 00 00 00 00-00 00 00 00 00 00 00 00 ................
00:20:11.630271 000000000182db30/0190: 00 00 00 00 00 00 00 00-00 00 00 00 00 00 00 00 ................
00:20:11.630273 000000000182db40/01a0: 00 00 00 00 00 00 00 00-00 00 00 00 00 00 00 00 ................
00:20:11.630275 000000000182db50/01b0: 00 00 00 00 00 00 00 00-00 00 00 00 00 00 00 00 ................
00:20:11.630276 000000000182db60/01c0: 00 00 00 00 00 00 00 00-00 00 00 00 00 00 00 00 ................
00:20:11.630278 000000000182db70/01d0: 00 00 00 00 00 00 00 00-00 00 00 00 00 00 00 00 ................
00:20:11.630280 000000000182db80/01e0: 00 00 00 00 00 00 00 00-00 00 00 00 00 00 00 00 ................
00:20:11.630282 000000000182db90/01f0: 00 00 00 00 00 00 00 00-00 00 00 00 00 00 00 00 ................
00:20:11.630284 000000000182dba0/0200: 00 00 00 00 00 00 00 00-00 00 00 00 00 00 00 00 ................
00:20:11.630286 000000000182dbb0/0210: 00 00 00 00 00 00 00 00-00 00 00 00 00 00 00 00 ................
00:20:11.630288 000000000182dbc0/0220: 00 00 00 00                                     ....
00:25:11.639738 REQUEST xid 0x9394429a chaddr 00:db:fd:c7:ab:d4
00:25:11.639763  ciaddr 172.16.1.4
00:25:11.639771  client id: 01 00 db fd c7 ab d4
00:25:11.639776  params { 1 3 6 15 26 28 51 58 59 43 }
00:25:11.639810   57: 05 dc
00:25:11.639813   60: 'android-dhcp-9'
00:25:11.639821 > allocateAddress to client [01:00:db:fd:c7:ab:d4] (00:db:fd:c7:ab:d4)
00:25:11.639827 > ... found existing binding 172.16.1.4 to [01:00:db:fd:c7:ab:d4] (00:db:fd:c7:ab:d4), acked, valid from 2024-12-11T01:37:22Z for 600s until 2024-12-11T01:47:22Z
00:25:11.639836 Lease time 600 secs (default)
00:25:11.639840 writing leases to C:\Users\kido_nguyen\.Ld9VirtualBox\LdNatNetwork1-Dhcpd.leases
00:25:11.647866 >>> requested option 1 (SubnetMask)
00:25:11.647879 ... always supplied
00:25:11.647882 >>> requested option 3 (Routers)
00:25:11.647886 ... found in GlobalConfig (type global)
00:25:11.647890 >>> requested option 6 (DNSes)
00:25:11.647893 ... found in GlobalConfig (type global)
00:25:11.647897 >>> requested option 15 (DomainName)
00:25:11.647900 ... found in GlobalConfig (type global)
00:25:11.647903 >>> requested option 26 (InterfaceMTU)
00:25:11.647907 ... not found
00:25:11.647910 >>> requested option 28 (BroadcastAddress)
00:25:11.647913 ... not found
00:25:11.647916 >>> requested option 51 (LeaseTime)
00:25:11.647919 ... not found
00:25:11.647922 >>> requested option 58 (RenewalTime)
00:25:11.647925 ... not found
00:25:11.647928 >>> requested option 59 (RebindingTime)
00:25:11.647933 ... not found
00:25:11.647937 >>> requested option 43 (VendorSpecificInfo)
00:25:11.647941 ... not found
00:25:11.647947 encoding option 1 (SubnetMask)
00:25:11.647951 encoding option 3 (Routers)
00:25:11.647954 encoding option 6 (DNSes)
00:25:11.647957 encoding option 15 (DomainName)
00:25:11.647961 encoding option 51 (LeaseTime)
00:25:11.647965 ACK xid 0x9394429a chaddr 00:db:fd:c7:ab:d4
00:25:11.647976  ciaddr 172.16.1.4 yiaddr 172.16.1.4
00:25:11.647986 encoded message: 548 bytes
00:25:11.647987 000000000182d9a0/0000: 02 01 06 00 9a 42 94 93-00 00 00 00 ac 10 01 04 .....B..........
00:25:11.647989 000000000182d9b0/0010: ac 10 01 04 00 00 00 00-00 00 00 00 00 db fd c7 ................
00:25:11.647991 000000000182d9c0/0020: ab d4 00 00 00 00 00 00-00 00 00 00 00 00 00 00 ................
00:25:11.647992 000000000182d9d0/0030: 00 00 00 00 00 00 00 00-00 00 00 00 00 00 00 00 ................
00:25:11.647994 000000000182d9e0/0040: 00 00 00 00 00 00 00 00-00 00 00 00 00 00 00 00 ................
00:25:11.647995 000000000182d9f0/0050: 00 00 00 00 00 00 00 00-00 00 00 00 00 00 00 00 ................
00:25:11.647996 000000000182da00/0060: 00 00 00 00 00 00 00 00-00 00 00 00 00 00 00 00 ................
00:25:11.647997 000000000182da10/0070: 00 00 00 00 00 00 00 00-00 00 00 00 00 00 00 00 ................
00:25:11.647999 000000000182da20/0080: 00 00 00 00 00 00 00 00-00 00 00 00 00 00 00 00 ................
00:25:11.648000 000000000182da30/0090: 00 00 00 00 00 00 00 00-00 00 00 00 00 00 00 00 ................
00:25:11.648001 000000000182da40/00a0: 00 00 00 00 00 00 00 00-00 00 00 00 00 00 00 00 ................
00:25:11.648002 000000000182da50/00b0: 00 00 00 00 00 00 00 00-00 00 00 00 00 00 00 00 ................
00:25:11.648004 000000000182da60/00c0: 00 00 00 00 00 00 00 00-00 00 00 00 00 00 00 00 ................
00:25:11.648005 000000000182da70/00d0: 00 00 00 00 00 00 00 00-00 00 00 00 00 00 00 00 ................
00:25:11.648006 000000000182da80/00e0: 00 00 00 00 00 00 00 00-00 00 00 00 63 82 53 63 ............c.Sc
00:25:11.648007 000000000182da90/00f0: 36 04 ac 10 01 03 35 01-05 01 04 ff ff ff 00 03 6.....5.........
00:25:11.648009 000000000182daa0/0100: 04 ac 10 01 01 06 04 ac-14 0a 01 0f 0d 76 6e 2e .............vn.
00:25:11.648010 000000000182dab0/0110: 63 6f 6d 70 61 6c 2e 63-6f 6d 33 04 00 00 02 58 compal.com3....X
00:25:11.648012 000000000182dac0/0120: ff 00 00 00 00 00 00 00-00 00 00 00 00 00 00 00 ................
00:25:11.648013 000000000182dad0/0130: 00 00 00 00 00 00 00 00-00 00 00 00 00 00 00 00 ................
00:25:11.648014 000000000182dae0/0140: 00 00 00 00 00 00 00 00-00 00 00 00 00 00 00 00 ................
00:25:11.648016 000000000182daf0/0150: 00 00 00 00 00 00 00 00-00 00 00 00 00 00 00 00 ................
00:25:11.648017 000000000182db00/0160: 00 00 00 00 00 00 00 00-00 00 00 00 00 00 00 00 ................
00:25:11.648018 000000000182db10/0170: 00 00 00 00 00 00 00 00-00 00 00 00 00 00 00 00 ................
00:25:11.648019 000000000182db20/0180: 00 00 00 00 00 00 00 00-00 00 00 00 00 00 00 00 ................
00:25:11.648021 000000000182db30/0190: 00 00 00 00 00 00 00 00-00 00 00 00 00 00 00 00 ................
00:25:11.648022 000000000182db40/01a0: 00 00 00 00 00 00 00 00-00 00 00 00 00 00 00 00 ................
00:25:11.648023 000000000182db50/01b0: 00 00 00 00 00 00 00 00-00 00 00 00 00 00 00 00 ................
00:25:11.648024 000000000182db60/01c0: 00 00 00 00 00 00 00 00-00 00 00 00 00 00 00 00 ................
00:25:11.648026 000000000182db70/01d0: 00 00 00 00 00 00 00 00-00 00 00 00 00 00 00 00 ................
00:25:11.648027 000000000182db80/01e0: 00 00 00 00 00 00 00 00-00 00 00 00 00 00 00 00 ................
00:25:11.648028 000000000182db90/01f0: 00 00 00 00 00 00 00 00-00 00 00 00 00 00 00 00 ................
00:25:11.648029 000000000182dba0/0200: 00 00 00 00 00 00 00 00-00 00 00 00 00 00 00 00 ................
00:25:11.648031 000000000182dbb0/0210: 00 00 00 00 00 00 00 00-00 00 00 00 00 00 00 00 ................
00:25:11.648032 000000000182dbc0/0220: 00 00 00 00                                     ....
